Arguments: 
  /Users/brianheise/.nvm/versions/node/v16.14.2/bin/node /Users/brianheise/.nvm/versions/node/v16.14.2/bin/yarn add material-yew::button

PATH: 
  /Users/brianheise/Library/pnpm:/Users/brianheise/.nvm/versions/node/v16.14.2/bin:/Users/brianheise/.jenv/shims:/Users/brianheise/.pyenv/bin:./bin:./node_modules/.bin:/Users/brianheise/.rbenv/bin:/Library/Frameworks/Python.framework/Versions/2.7/bin:/Library/Frameworks/Python.framework/Versions/3.10/bin:/usr/local/bin:/usr/bin:/bin:/usr/sbin:/sbin:/usr/local/share/dotnet:/Library/Apple/usr/bin:/Users/brianheise/.cargo/bin:/Users/brianheise/Library/PackageManager/bin:/usr/local/sbin:/Users/brianheise/Gradle/bin:/Users/brianheise/Android/cmdline-tools/tools:/Users/brianheise/Android/cmdline-tools/tools/bin:/Users/brianheise/Android/cmdline-tools/platform-tools:/Library/Java/JavaVirtualMachines/jdk1.8.0_202.jdk/Contents/Home//bin:/Users/brianheise/liferay/repos/git-tools:/Users/brianheise/Library/PackageManager/bin:/Users/brianheise/.jenv/bin:/opt/apache-maven/bin:/Users/brianheise/Library/PackageManager/bin:/Users/brianheise/liferay/repos/liferay_ie_tool/target/debug

Yarn version: 
  1.22.18

Node version: 
  16.14.2

Platform: 
  darwin x64

Trace: 
  Error: https://registry.npmjs.org/material-yew::button: Not found
      at Request.params.callback [as _callback] (/Users/brianheise/.nvm/versions/node/v16.14.2/lib/node_modules/yarn/lib/cli.js:66138:18)
      at Request.self.callback (/Users/brianheise/.nvm/versions/node/v16.14.2/lib/node_modules/yarn/lib/cli.js:140883:22)
      at Request.emit (node:events:526:28)
      at Request.<anonymous> (/Users/brianheise/.nvm/versions/node/v16.14.2/lib/node_modules/yarn/lib/cli.js:141855:10)
      at Request.emit (node:events:526:28)
      at IncomingMessage.<anonymous> (/Users/brianheise/.nvm/versions/node/v16.14.2/lib/node_modules/yarn/lib/cli.js:141777:12)
      at Object.onceWrapper (node:events:645:28)
      at IncomingMessage.emit (node:events:538:35)
      at endReadableNT (node:internal/streams/readable:1345:12)
      at processTicksAndRejections (node:internal/process/task_queues:83:21)

npm manifest: 
  No manifest

yarn manifest: 
  No manifest

Lockfile: 
  No lockfile
